<?xml version="1.0" encoding="UTF-8"?>
<!-- Generated by org.testng.reporters.JUnitXMLReporter -->
<testsuite ignored="2" hostname="MAHFUJ-1B5SPLO" failures="0" tests="2" name="Default test" time="37.657" errors="0" timestamp="2020-09-20T11:23:37 EDT">
  <testcase classname="testLogIn.TestSanitizedBuses" name="ListYourProperty" time="1.121"/>
  <testcase classname="testLogIn.TestSanitizedBuses" name="Tours" time="0.004"/>
  <testcase classname="testLogIn.TestSanitizedBuses" name="Charters" time="0.0">
    <ignored/>
  </testcase> <!-- Charters -->
  <testcase classname="testLogIn.TestSanitizedBuses" name="SightSeeing" time="0.0">
    <ignored/>
  </testcase> <!-- SightSeeing -->
</testsuite> <!-- Default test -->
