<?xml version="1.0" encoding="UTF-8"?>
<!-- Generated by org.testng.reporters.JUnitXMLReporter -->
<testsuite ignored="0" hostname="MAHFUJ-1B5SPLO" failures="0" tests="3" name="Default test" time="35.446" errors="0" timestamp="2020-09-24T18:58:10 EDT">
  <testcase classname="testLogIn.TestSanitizedBuses" name="ListYourProperty" time="1.079"/>
  <testcase classname="testLogIn.TestSanitizedBuses" name="Tours" time="0.752"/>
  <testcase classname="testLogIn.TestSanitizedBuses" name="Charters" time="0.963"/>
</testsuite> <!-- Default test -->
