<?xml version="1.0" encoding="UTF-8"?>
<!-- Generated by org.testng.reporters.JUnitXMLReporter -->
<testsuite hostname="MAHFUJ-1B5SPLO" name="Test" tests="4" failures="0" timestamp="20 Sep 2020 15:32:46 GMT" time="48.44" errors="0">
  <testcase name="logInWithValidCredential" time="1.105" classname="testLogIn.LogInWithValidCredential"/>
  <testcase name="ListYourProperty" time="1.138" classname="testLogIn.TestSanitizedBuses"/>
  <testcase name="SightSeeing" time="0.0" classname="testLogIn.TestSanitizedBuses"/>
  <testcase name="Tours" time="0.0" classname="testLogIn.TestSanitizedBuses"/>
</testsuite> <!-- Test -->
