<?xml version="1.0" encoding="UTF-8"?>
<!-- Generated by org.testng.reporters.JUnitXMLReporter -->
<testsuite ignored="5" hostname="MAHFUJ-1B5SPLO" failures="0" tests="4" name="Test" time="41.958" errors="0" timestamp="2020-09-22T19:25:34 EDT">
  <testcase classname="testLogIn.LogInWithValidCredential" name="logInWithValidCredential" time="1.006"/>
  <testcase classname="testLogIn.TestSanitizedBuses" name="ListYourProperty" time="1.141"/>
  <testcase classname="testLogIn.TestSanitizedBuses" name="Tours" time="0.0"/>
  <testcase classname="testLogIn.SightSeeing" name="SightSeeing" time="0.003"/>
  <testcase classname="base.Config" name="@AfterSuite tearDown" time="0.0">
    <ignored/>
  </testcase> <!-- @AfterSuite tearDown -->
  <testcase classname="base.Config" name="@AfterSuite tearDown" time="0.0">
    <ignored/>
  </testcase> <!-- @AfterSuite tearDown -->
  <testcase classname="base.Config" name="@BeforeSuite startTestSuite" time="0.0">
    <ignored/>
  </testcase> <!-- @BeforeSuite startTestSuite -->
  <testcase classname="base.Config" name="@BeforeSuite startTestSuite" time="0.0">
    <ignored/>
  </testcase> <!-- @BeforeSuite startTestSuite -->
  <testcase classname="testLogIn.TestSanitizedBuses" name="Charters" time="0.0">
    <ignored/>
  </testcase> <!-- Charters -->
</testsuite> <!-- Test -->
