<?xml version="1.0" encoding="UTF-8"?>
<testng-results ignored="4" total="6" passed="2" failed="0" skipped="0">
  <reporter-output>
  </reporter-output>
  <suite started-at="2020-09-05T18:42:17 EDT" name="Default suite" finished-at="2020-09-05T18:42:35 EDT" duration-ms="17529">
    <groups>
    </groups>
    <test started-at="2020-09-05T18:42:17 EDT" name="Default test" finished-at="2020-09-05T18:42:35 EDT" duration-ms="17529">
      <class name="testLogIn.LogInWithValidCredential">
        <test-method is-config="true" signature="startTestSuite()[pri:0, instance:testLogIn.LogInWithValidCredential@5bfa9431]" started-at="2020-09-05T18:42:17 EDT" name="startTestSuite" finished-at="2020-09-05T18:42:17 EDT" duration-ms="45" status="PASS">
          <reporter-output>
          </reporter-output>
        </test-method> <!-- startTestSuite -->
        <test-method is-config="true" signature="beforeEachTestMethod()[pri:0, instance:testLogIn.LogInWithValidCredential@5bfa9431]" started-at="2020-09-05T18:42:17 EDT" name="beforeEachTestMethod" finished-at="2020-09-05T18:42:26 EDT" duration-ms="8384" status="PASS">
          <reporter-output>
          </reporter-output>
        </test-method> <!-- beforeEachTestMethod -->
        <test-method signature="logInWithValidCredential()[pri:0, instance:testLogIn.LogInWithValidCredential@5bfa9431]" started-at="2020-09-05T18:42:26 EDT" name="logInWithValidCredential" finished-at="2020-09-05T18:42:26 EDT" duration-ms="640" status="PASS">
          <reporter-output>
          </reporter-output>
        </test-method> <!-- logInWithValidCredential -->
        <test-method is-config="true" signature="afterEachTestMethod()[pri:0, instance:testLogIn.LogInWithValidCredential@5bfa9431]" started-at="2020-09-05T18:42:26 EDT" name="afterEachTestMethod" finished-at="2020-09-05T18:42:26 EDT" duration-ms="0" status="PASS">
          <reporter-output>
          </reporter-output>
        </test-method> <!-- afterEachTestMethod -->
        <test-method is-config="true" signature="tearDown()[pri:0, instance:testLogIn.LogInWithValidCredential@5bfa9431]" started-at="2020-09-05T18:42:35 EDT" name="tearDown" finished-at="2020-09-05T18:42:35 EDT" duration-ms="0" status="PASS">
          <reporter-output>
          </reporter-output>
        </test-method> <!-- tearDown -->
      </class> <!-- testLogIn.LogInWithValidCredential -->
      <class name="testLogIn.TestSanitizedBuses">
        <test-method is-config="true" signature="beforeEachTestMethod()[pri:0, instance:testLogIn.TestSanitizedBuses@5db250b4]" started-at="2020-09-05T18:42:26 EDT" name="beforeEachTestMethod" finished-at="2020-09-05T18:42:34 EDT" duration-ms="7538" status="PASS">
          <reporter-output>
          </reporter-output>
        </test-method> <!-- beforeEachTestMethod -->
        <test-method signature="ListYourProperty()[pri:0, instance:testLogIn.TestSanitizedBuses@5db250b4]" started-at="2020-09-05T18:42:34 EDT" name="ListYourProperty" finished-at="2020-09-05T18:42:35 EDT" duration-ms="932" status="PASS">
          <reporter-output>
          </reporter-output>
        </test-method> <!-- ListYourProperty -->
        <test-method is-config="true" signature="afterEachTestMethod()[pri:0, instance:testLogIn.TestSanitizedBuses@5db250b4]" started-at="2020-09-05T18:42:35 EDT" name="afterEachTestMethod" finished-at="2020-09-05T18:42:35 EDT" duration-ms="1" status="PASS">
          <reporter-output>
          </reporter-output>
        </test-method> <!-- afterEachTestMethod -->
      </class> <!-- testLogIn.TestSanitizedBuses -->
    </test> <!-- Default test -->
  </suite> <!-- Default suite -->
</testng-results>
