<?xml version="1.0" encoding="UTF-8"?>
<testng-results ignored="2" total="3" passed="1" failed="0" skipped="0">
  <reporter-output>
  </reporter-output>
  <suite started-at="2020-09-03T19:28:58 EDT" name="Suite" finished-at="2020-09-03T19:29:13 EDT" duration-ms="14447">
    <groups>
    </groups>
    <test started-at="2020-09-03T19:28:58 EDT" name="Test" finished-at="2020-09-03T19:29:13 EDT" duration-ms="14447">
      <class name="testLogIn.LogInWithValidCredential">
        <test-method is-config="true" signature="beforeEachTestMethod()[pri:0, instance:testLogIn.LogInWithValidCredential@2fd6b6c7]" started-at="2020-09-03T19:28:58 EDT" name="beforeEachTestMethod" finished-at="2020-09-03T19:29:07 EDT" duration-ms="9063" status="PASS">
          <reporter-output>
          </reporter-output>
        </test-method> <!-- beforeEachTestMethod -->
        <test-method signature="logInWithValidCredential()[pri:0, instance:testLogIn.LogInWithValidCredential@2fd6b6c7]" started-at="2020-09-03T19:29:07 EDT" name="logInWithValidCredential" finished-at="2020-09-03T19:29:08 EDT" duration-ms="992" status="PASS">
          <reporter-output>
          </reporter-output>
        </test-method> <!-- logInWithValidCredential -->
        <test-method is-config="true" signature="afterEachTestMethod()[pri:0, instance:testLogIn.LogInWithValidCredential@2fd6b6c7]" started-at="2020-09-03T19:29:08 EDT" name="afterEachTestMethod" finished-at="2020-09-03T19:29:13 EDT" duration-ms="4349" status="PASS">
          <reporter-output>
          </reporter-output>
        </test-method> <!-- afterEachTestMethod -->
      </class> <!-- testLogIn.LogInWithValidCredential -->
      <class name="base.Config">
        <test-method is-config="true" signature="startTestSuite()[pri:0, instance:base.Config@184cf7cf]" started-at="2020-09-03T19:28:58 EDT" name="startTestSuite" finished-at="2020-09-03T19:28:58 EDT" duration-ms="52" status="PASS">
          <reporter-output>
          </reporter-output>
        </test-method> <!-- startTestSuite -->
        <test-method is-config="true" signature="tearDown()[pri:0, instance:base.Config@184cf7cf]" started-at="2020-09-03T19:29:13 EDT" name="tearDown" finished-at="2020-09-03T19:29:13 EDT" duration-ms="0" status="PASS">
          <reporter-output>
          </reporter-output>
        </test-method> <!-- tearDown -->
      </class> <!-- base.Config -->
    </test> <!-- Test -->
  </suite> <!-- Suite -->
</testng-results>
