<?xml version="1.0" encoding="UTF-8"?>
<testng-results skipped="0" failed="0" total="4" passed="4">
  <reporter-output>
  </reporter-output>
  <suite name="Suite" duration-ms="48440" started-at="2020-09-20T15:31:58Z" finished-at="2020-09-20T15:32:46Z">
    <groups>
    </groups>
    <test name="Test" duration-ms="48440" started-at="2020-09-20T15:31:58Z" finished-at="2020-09-20T15:32:46Z">
      <class name="testLogIn.LogInWithValidCredential">
        <test-method status="PASS" signature="beforeEachTestMethod()[pri:0, instance:testLogIn.LogInWithValidCredential@3ffcd140]" name="beforeEachTestMethod" is-config="true" duration-ms="8949" started-at="2020-09-20T11:31:58Z" finished-at="2020-09-20T11:32:07Z">
          <reporter-output>
          </reporter-output>
        </test-method> <!-- beforeEachTestMethod -->
        <test-method status="PASS" signature="logInWithValidCredential()[pri:1, instance:testLogIn.LogInWithValidCredential@3ffcd140]" name="logInWithValidCredential" duration-ms="1105" started-at="2020-09-20T11:32:07Z" finished-at="2020-09-20T11:32:08Z">
          <reporter-output>
          </reporter-output>
        </test-method> <!-- logInWithValidCredential -->
        <test-method status="PASS" signature="afterEachTestMethod()[pri:0, instance:testLogIn.LogInWithValidCredential@3ffcd140]" name="afterEachTestMethod" is-config="true" duration-ms="4327" started-at="2020-09-20T11:32:08Z" finished-at="2020-09-20T11:32:12Z">
          <reporter-output>
          </reporter-output>
        </test-method> <!-- afterEachTestMethod -->
      </class> <!-- testLogIn.LogInWithValidCredential -->
      <class name="base.Config">
        <test-method status="PASS" signature="startTestSuite()[pri:0, instance:base.Config@3e77a1ed]" name="startTestSuite" is-config="true" duration-ms="37" started-at="2020-09-20T11:31:58Z" finished-at="2020-09-20T11:31:58Z">
          <reporter-output>
          </reporter-output>
        </test-method> <!-- startTestSuite -->
        <test-method status="PASS" signature="tearDown()[pri:0, instance:base.Config@3e77a1ed]" name="tearDown" is-config="true" duration-ms="0" started-at="2020-09-20T11:32:46Z" finished-at="2020-09-20T11:32:46Z">
          <reporter-output>
          </reporter-output>
        </test-method> <!-- tearDown -->
      </class> <!-- base.Config -->
      <class name="testLogIn.TestSanitizedBuses">
        <test-method status="PASS" signature="beforeEachTestMethod()[pri:0, instance:testLogIn.TestSanitizedBuses@23bb8443]" name="beforeEachTestMethod" is-config="true" duration-ms="8093" started-at="2020-09-20T11:32:12Z" finished-at="2020-09-20T11:32:20Z">
          <reporter-output>
          </reporter-output>
        </test-method> <!-- beforeEachTestMethod -->
        <test-method status="PASS" signature="ListYourProperty()[pri:2, instance:testLogIn.TestSanitizedBuses@23bb8443]" name="ListYourProperty" duration-ms="1138" started-at="2020-09-20T11:32:20Z" finished-at="2020-09-20T11:32:22Z">
          <reporter-output>
          </reporter-output>
        </test-method> <!-- ListYourProperty -->
        <test-method status="PASS" signature="afterEachTestMethod()[pri:0, instance:testLogIn.TestSanitizedBuses@23bb8443]" name="afterEachTestMethod" is-config="true" duration-ms="251" started-at="2020-09-20T11:32:22Z" finished-at="2020-09-20T11:32:22Z">
          <reporter-output>
          </reporter-output>
        </test-method> <!-- afterEachTestMethod -->
        <test-method status="PASS" signature="beforeEachTestMethod()[pri:0, instance:testLogIn.TestSanitizedBuses@23bb8443]" name="beforeEachTestMethod" is-config="true" duration-ms="8051" started-at="2020-09-20T11:32:22Z" finished-at="2020-09-20T11:32:30Z">
          <reporter-output>
          </reporter-output>
        </test-method> <!-- beforeEachTestMethod -->
        <test-method status="PASS" signature="SightSeeing()[pri:3, instance:testLogIn.TestSanitizedBuses@23bb8443]" name="SightSeeing" duration-ms="0" started-at="2020-09-20T11:32:30Z" finished-at="2020-09-20T11:32:30Z">
          <reporter-output>
          </reporter-output>
        </test-method> <!-- SightSeeing -->
        <test-method status="PASS" signature="afterEachTestMethod()[pri:0, instance:testLogIn.TestSanitizedBuses@23bb8443]" name="afterEachTestMethod" is-config="true" duration-ms="4327" started-at="2020-09-20T11:32:30Z" finished-at="2020-09-20T11:32:34Z">
          <reporter-output>
          </reporter-output>
        </test-method> <!-- afterEachTestMethod -->
        <test-method status="PASS" signature="beforeEachTestMethod()[pri:0, instance:testLogIn.TestSanitizedBuses@23bb8443]" name="beforeEachTestMethod" is-config="true" duration-ms="7857" started-at="2020-09-20T11:32:34Z" finished-at="2020-09-20T11:32:42Z">
          <reporter-output>
          </reporter-output>
        </test-method> <!-- beforeEachTestMethod -->
        <test-method status="PASS" signature="Tours()[pri:4, instance:testLogIn.TestSanitizedBuses@23bb8443]" name="Tours" duration-ms="0" started-at="2020-09-20T11:32:42Z" finished-at="2020-09-20T11:32:42Z">
          <reporter-output>
          </reporter-output>
        </test-method> <!-- Tours -->
        <test-method status="PASS" signature="afterEachTestMethod()[pri:0, instance:testLogIn.TestSanitizedBuses@23bb8443]" name="afterEachTestMethod" is-config="true" duration-ms="4325" started-at="2020-09-20T11:32:42Z" finished-at="2020-09-20T11:32:46Z">
          <reporter-output>
          </reporter-output>
        </test-method> <!-- afterEachTestMethod -->
      </class> <!-- testLogIn.TestSanitizedBuses -->
    </test> <!-- Test -->
  </suite> <!-- Suite -->
</testng-results>
