<?xml version="1.0" encoding="UTF-8"?>
<testng-results skipped="0" failed="0" total="1" passed="1">
  <reporter-output>
  </reporter-output>
  <suite name="Suite" duration-ms="14525" started-at="2020-09-04T23:03:49Z" finished-at="2020-09-04T23:04:03Z">
    <groups>
    </groups>
    <test name="Test" duration-ms="14525" started-at="2020-09-04T23:03:49Z" finished-at="2020-09-04T23:04:03Z">
      <class name="testLogIn.LogInWithValidCredential">
        <test-method status="PASS" signature="beforeEachTestMethod()[pri:0, instance:testLogIn.LogInWithValidCredential@3e77a1ed]" name="beforeEachTestMethod" is-config="true" duration-ms="9088" started-at="2020-09-04T19:03:49Z" finished-at="2020-09-04T19:03:58Z">
          <reporter-output>
          </reporter-output>
        </test-method> <!-- beforeEachTestMethod -->
        <test-method status="PASS" signature="logInWithValidCredential()[pri:0, instance:testLogIn.LogInWithValidCredential@3e77a1ed]" name="logInWithValidCredential" duration-ms="1082" started-at="2020-09-04T19:03:58Z" finished-at="2020-09-04T19:03:59Z">
          <reporter-output>
          </reporter-output>
        </test-method> <!-- logInWithValidCredential -->
        <test-method status="PASS" signature="afterEachTestMethod()[pri:0, instance:testLogIn.LogInWithValidCredential@3e77a1ed]" name="afterEachTestMethod" is-config="true" duration-ms="4337" started-at="2020-09-04T19:03:59Z" finished-at="2020-09-04T19:04:03Z">
          <reporter-output>
          </reporter-output>
        </test-method> <!-- afterEachTestMethod -->
      </class> <!-- testLogIn.LogInWithValidCredential -->
      <class name="base.Config">
        <test-method status="PASS" signature="startTestSuite()[pri:0, instance:base.Config@31206beb]" name="startTestSuite" is-config="true" duration-ms="52" started-at="2020-09-04T19:03:49Z" finished-at="2020-09-04T19:03:49Z">
          <reporter-output>
          </reporter-output>
        </test-method> <!-- startTestSuite -->
        <test-method status="PASS" signature="tearDown()[pri:0, instance:base.Config@31206beb]" name="tearDown" is-config="true" duration-ms="0" started-at="2020-09-04T19:04:03Z" finished-at="2020-09-04T19:04:03Z">
          <reporter-output>
          </reporter-output>
        </test-method> <!-- tearDown -->
      </class> <!-- base.Config -->
    </test> <!-- Test -->
  </suite> <!-- Suite -->
</testng-results>
