<?xml version="1.0" encoding="UTF-8"?>
<testng-results ignored="5" total="9" passed="4" failed="0" skipped="0">
  <reporter-output>
  </reporter-output>
  <suite started-at="2020-09-22T19:24:52 EDT" name="Suite" finished-at="2020-09-22T19:25:33 EDT" duration-ms="41958">
    <groups>
    </groups>
    <test started-at="2020-09-22T19:24:52 EDT" name="Test" finished-at="2020-09-22T19:25:33 EDT" duration-ms="41958">
      <class name="testLogIn.SightSeeing">
        <test-method signature="SightSeeing()[pri:3, instance:testLogIn.SightSeeing@358ee631]" started-at="2020-09-22T19:25:33 EDT" name="SightSeeing" finished-at="2020-09-22T19:25:33 EDT" duration-ms="3" status="PASS">
          <reporter-output>
          </reporter-output>
        </test-method> <!-- SightSeeing -->
      </class> <!-- testLogIn.SightSeeing -->
      <class name="testLogIn.LogInWithValidCredential">
        <test-method is-config="true" signature="beforeEachTestMethod()[pri:0, instance:testLogIn.LogInWithValidCredential@78e94dcf]" started-at="2020-09-22T19:24:52 EDT" name="beforeEachTestMethod" finished-at="2020-09-22T19:25:01 EDT" duration-ms="9895" status="PASS">
          <reporter-output>
          </reporter-output>
        </test-method> <!-- beforeEachTestMethod -->
        <test-method signature="logInWithValidCredential()[pri:1, instance:testLogIn.LogInWithValidCredential@78e94dcf]" started-at="2020-09-22T19:25:01 EDT" name="logInWithValidCredential" finished-at="2020-09-22T19:25:02 EDT" duration-ms="1006" status="PASS">
          <reporter-output>
          </reporter-output>
        </test-method> <!-- logInWithValidCredential -->
        <test-method is-config="true" signature="afterEachTestMethod()[pri:0, instance:testLogIn.LogInWithValidCredential@78e94dcf]" started-at="2020-09-22T19:25:02 EDT" name="afterEachTestMethod" finished-at="2020-09-22T19:25:07 EDT" duration-ms="4392" status="PASS">
          <reporter-output>
          </reporter-output>
        </test-method> <!-- afterEachTestMethod -->
      </class> <!-- testLogIn.LogInWithValidCredential -->
      <class name="base.Config">
        <test-method is-config="true" signature="startTestSuite()[pri:0, instance:base.Config@37918c79]" started-at="2020-09-22T19:24:51 EDT" name="startTestSuite" finished-at="2020-09-22T19:24:52 EDT" duration-ms="69" status="PASS">
          <reporter-output>
          </reporter-output>
        </test-method> <!-- startTestSuite -->
        <test-method is-config="true" signature="tearDown()[pri:0, instance:base.Config@37918c79]" started-at="2020-09-22T19:25:34 EDT" name="tearDown" finished-at="2020-09-22T19:25:34 EDT" duration-ms="1" status="PASS">
          <reporter-output>
          </reporter-output>
        </test-method> <!-- tearDown -->
      </class> <!-- base.Config -->
      <class name="testLogIn.TestSanitizedBuses">
        <test-method is-config="true" signature="beforeEachTestMethod()[pri:0, instance:testLogIn.TestSanitizedBuses@233fe9b6]" started-at="2020-09-22T19:25:07 EDT" name="beforeEachTestMethod" finished-at="2020-09-22T19:25:15 EDT" duration-ms="8146" status="PASS">
          <reporter-output>
          </reporter-output>
        </test-method> <!-- beforeEachTestMethod -->
        <test-method signature="ListYourProperty()[pri:2, instance:testLogIn.TestSanitizedBuses@233fe9b6]" started-at="2020-09-22T19:25:15 EDT" name="ListYourProperty" finished-at="2020-09-22T19:25:16 EDT" duration-ms="1141" status="PASS">
          <reporter-output>
          </reporter-output>
        </test-method> <!-- ListYourProperty -->
        <test-method is-config="true" signature="afterEachTestMethod()[pri:0, instance:testLogIn.TestSanitizedBuses@233fe9b6]" started-at="2020-09-22T19:25:16 EDT" name="afterEachTestMethod" finished-at="2020-09-22T19:25:21 EDT" duration-ms="4370" status="PASS">
          <reporter-output>
          </reporter-output>
        </test-method> <!-- afterEachTestMethod -->
        <test-method is-config="true" signature="beforeEachTestMethod()[pri:0, instance:testLogIn.TestSanitizedBuses@233fe9b6]" started-at="2020-09-22T19:25:21 EDT" name="beforeEachTestMethod" finished-at="2020-09-22T19:25:29 EDT" duration-ms="8544" status="PASS">
          <reporter-output>
          </reporter-output>
        </test-method> <!-- beforeEachTestMethod -->
        <test-method signature="Tours()[pri:4, instance:testLogIn.TestSanitizedBuses@233fe9b6]" started-at="2020-09-22T19:25:29 EDT" name="Tours" finished-at="2020-09-22T19:25:29 EDT" duration-ms="0" status="PASS">
          <reporter-output>
          </reporter-output>
        </test-method> <!-- Tours -->
        <test-method is-config="true" signature="afterEachTestMethod()[pri:0, instance:testLogIn.TestSanitizedBuses@233fe9b6]" started-at="2020-09-22T19:25:29 EDT" name="afterEachTestMethod" finished-at="2020-09-22T19:25:33 EDT" duration-ms="4375" status="PASS">
          <reporter-output>
          </reporter-output>
        </test-method> <!-- afterEachTestMethod -->
      </class> <!-- testLogIn.TestSanitizedBuses -->
    </test> <!-- Test -->
  </suite> <!-- Suite -->
</testng-results>
