<?xml version="1.0" encoding="UTF-8"?>
<testng-results ignored="0" total="1" passed="1" failed="0" skipped="0">
  <reporter-output>
  </reporter-output>
  <suite started-at="2020-09-05T18:48:10 EDT" name="Default suite" finished-at="2020-09-05T18:48:23 EDT" duration-ms="13225">
    <groups>
    </groups>
    <test started-at="2020-09-05T18:48:10 EDT" name="Default test" finished-at="2020-09-05T18:48:23 EDT" duration-ms="13225">
      <class name="testLogIn.LogInWithValidCredential">
        <test-method is-config="true" signature="startTestSuite()[pri:0, instance:testLogIn.LogInWithValidCredential@184cf7cf]" started-at="2020-09-05T18:48:10 EDT" name="startTestSuite" finished-at="2020-09-05T18:48:10 EDT" duration-ms="38" status="PASS">
          <reporter-output>
          </reporter-output>
        </test-method> <!-- startTestSuite -->
        <test-method is-config="true" signature="beforeEachTestMethod()[pri:0, instance:testLogIn.LogInWithValidCredential@184cf7cf]" started-at="2020-09-05T18:48:10 EDT" name="beforeEachTestMethod" finished-at="2020-09-05T18:48:18 EDT" duration-ms="8240" status="PASS">
          <reporter-output>
          </reporter-output>
        </test-method> <!-- beforeEachTestMethod -->
        <test-method signature="logInWithValidCredential()[pri:0, instance:testLogIn.LogInWithValidCredential@184cf7cf]" started-at="2020-09-05T18:48:18 EDT" name="logInWithValidCredential" finished-at="2020-09-05T18:48:19 EDT" duration-ms="638" status="PASS">
          <reporter-output>
          </reporter-output>
        </test-method> <!-- logInWithValidCredential -->
        <test-method is-config="true" signature="afterEachTestMethod()[pri:0, instance:testLogIn.LogInWithValidCredential@184cf7cf]" started-at="2020-09-05T18:48:19 EDT" name="afterEachTestMethod" finished-at="2020-09-05T18:48:23 EDT" duration-ms="4321" status="PASS">
          <reporter-output>
          </reporter-output>
        </test-method> <!-- afterEachTestMethod -->
        <test-method is-config="true" signature="tearDown()[pri:0, instance:testLogIn.LogInWithValidCredential@184cf7cf]" started-at="2020-09-05T18:48:23 EDT" name="tearDown" finished-at="2020-09-05T18:48:24 EDT" duration-ms="535" status="PASS">
          <reporter-output>
          </reporter-output>
        </test-method> <!-- tearDown -->
      </class> <!-- testLogIn.LogInWithValidCredential -->
    </test> <!-- Default test -->
  </suite> <!-- Default suite -->
</testng-results>
