<?xml version="1.0" encoding="UTF-8"?>
<testng-results skipped="0" failed="0" total="1" passed="1">
  <reporter-output>
  </reporter-output>
  <suite name="Suite" duration-ms="9598" started-at="2020-08-31T22:29:31Z" finished-at="2020-08-31T22:29:41Z">
    <groups>
    </groups>
    <test name="Test" duration-ms="9598" started-at="2020-08-31T22:29:31Z" finished-at="2020-08-31T22:29:41Z">
      <class name="base.Config">
        <test-method status="PASS" signature="startTestSuite()[pri:0, instance:base.Config@31206beb]" name="startTestSuite" is-config="true" duration-ms="29" started-at="2020-08-31T18:29:31Z" finished-at="2020-08-31T18:29:31Z">
          <reporter-output>
          </reporter-output>
        </test-method> <!-- startTestSuite -->
        <test-method status="PASS" signature="tearDown()[pri:0, instance:base.Config@31206beb]" name="tearDown" is-config="true" duration-ms="0" started-at="2020-08-31T18:29:41Z" finished-at="2020-08-31T18:29:41Z">
          <reporter-output>
          </reporter-output>
        </test-method> <!-- tearDown -->
      </class> <!-- base.Config -->
      <class name="testLogIn.TestListYourProperty">
        <test-method status="PASS" signature="beforeEachTestMethod()[pri:0, instance:testLogIn.TestListYourProperty@3e77a1ed]" name="beforeEachTestMethod" is-config="true" duration-ms="8924" started-at="2020-08-31T18:29:31Z" finished-at="2020-08-31T18:29:40Z">
          <reporter-output>
          </reporter-output>
        </test-method> <!-- beforeEachTestMethod -->
        <test-method status="PASS" signature="ListYourProperty()[pri:0, instance:testLogIn.TestListYourProperty@3e77a1ed]" name="ListYourProperty" duration-ms="605" started-at="2020-08-31T18:29:40Z" finished-at="2020-08-31T18:29:41Z">
          <reporter-output>
          </reporter-output>
        </test-method> <!-- ListYourProperty -->
        <test-method status="PASS" signature="afterEachTestMethod()[pri:0, instance:testLogIn.TestListYourProperty@3e77a1ed]" name="afterEachTestMethod" is-config="true" duration-ms="63" started-at="2020-08-31T18:29:41Z" finished-at="2020-08-31T18:29:41Z">
          <reporter-output>
          </reporter-output>
        </test-method> <!-- afterEachTestMethod -->
      </class> <!-- testLogIn.TestListYourProperty -->
    </test> <!-- Test -->
  </suite> <!-- Suite -->
</testng-results>
