<?xml version="1.0" encoding="UTF-8"?>
<testng-results ignored="0" total="3" passed="3" failed="0" skipped="0">
  <reporter-output>
  </reporter-output>
  <suite started-at="2020-09-24T18:57:35 EDT" name="Default suite" finished-at="2020-09-24T18:58:10 EDT" duration-ms="35446">
    <groups>
    </groups>
    <test started-at="2020-09-24T18:57:35 EDT" name="Default test" finished-at="2020-09-24T18:58:10 EDT" duration-ms="35446">
      <class name="testLogIn.TestSanitizedBuses">
        <test-method is-config="true" signature="startTestSuite()[pri:0, instance:testLogIn.TestSanitizedBuses@5bfa9431]" started-at="2020-09-24T18:57:35 EDT" name="startTestSuite" finished-at="2020-09-24T18:57:35 EDT" duration-ms="44" status="PASS">
          <reporter-output>
          </reporter-output>
        </test-method> <!-- startTestSuite -->
        <test-method is-config="true" signature="beforeEachTestMethod()[pri:0, instance:testLogIn.TestSanitizedBuses@5bfa9431]" started-at="2020-09-24T18:57:35 EDT" name="beforeEachTestMethod" finished-at="2020-09-24T18:57:43 EDT" duration-ms="8258" status="PASS">
          <reporter-output>
          </reporter-output>
        </test-method> <!-- beforeEachTestMethod -->
        <test-method signature="ListYourProperty()[pri:2, instance:testLogIn.TestSanitizedBuses@5bfa9431]" started-at="2020-09-24T18:57:43 EDT" name="ListYourProperty" finished-at="2020-09-24T18:57:44 EDT" duration-ms="1079" status="PASS">
          <reporter-output>
          </reporter-output>
        </test-method> <!-- ListYourProperty -->
        <test-method is-config="true" signature="afterEachTestMethod()[pri:0, instance:testLogIn.TestSanitizedBuses@5bfa9431]" started-at="2020-09-24T18:57:44 EDT" name="afterEachTestMethod" finished-at="2020-09-24T18:57:44 EDT" duration-ms="153" status="PASS">
          <reporter-output>
          </reporter-output>
        </test-method> <!-- afterEachTestMethod -->
        <test-method is-config="true" signature="beforeEachTestMethod()[pri:0, instance:testLogIn.TestSanitizedBuses@5bfa9431]" started-at="2020-09-24T18:57:44 EDT" name="beforeEachTestMethod" finished-at="2020-09-24T18:57:52 EDT" duration-ms="7801" status="PASS">
          <reporter-output>
          </reporter-output>
        </test-method> <!-- beforeEachTestMethod -->
        <test-method signature="Tours()[pri:4, instance:testLogIn.TestSanitizedBuses@5bfa9431]" started-at="2020-09-24T18:57:52 EDT" name="Tours" finished-at="2020-09-24T18:57:53 EDT" duration-ms="752" status="PASS">
          <reporter-output>
          </reporter-output>
        </test-method> <!-- Tours -->
        <test-method is-config="true" signature="afterEachTestMethod()[pri:0, instance:testLogIn.TestSanitizedBuses@5bfa9431]" started-at="2020-09-24T18:57:53 EDT" name="afterEachTestMethod" finished-at="2020-09-24T18:57:57 EDT" duration-ms="4335" status="PASS">
          <reporter-output>
          </reporter-output>
        </test-method> <!-- afterEachTestMethod -->
        <test-method is-config="true" signature="beforeEachTestMethod()[pri:0, instance:testLogIn.TestSanitizedBuses@5bfa9431]" started-at="2020-09-24T18:57:57 EDT" name="beforeEachTestMethod" finished-at="2020-09-24T18:58:05 EDT" duration-ms="7738" status="PASS">
          <reporter-output>
          </reporter-output>
        </test-method> <!-- beforeEachTestMethod -->
        <test-method signature="Charters()[pri:5, instance:testLogIn.TestSanitizedBuses@5bfa9431]" started-at="2020-09-24T18:58:05 EDT" name="Charters" finished-at="2020-09-24T18:58:06 EDT" duration-ms="963" status="PASS">
          <reporter-output>
          </reporter-output>
        </test-method> <!-- Charters -->
        <test-method is-config="true" signature="afterEachTestMethod()[pri:0, instance:testLogIn.TestSanitizedBuses@5bfa9431]" started-at="2020-09-24T18:58:06 EDT" name="afterEachTestMethod" finished-at="2020-09-24T18:58:10 EDT" duration-ms="4323" status="PASS">
          <reporter-output>
          </reporter-output>
        </test-method> <!-- afterEachTestMethod -->
        <test-method is-config="true" signature="tearDown()[pri:0, instance:testLogIn.TestSanitizedBuses@5bfa9431]" started-at="2020-09-24T18:58:10 EDT" name="tearDown" finished-at="2020-09-24T18:58:10 EDT" duration-ms="0" status="PASS">
          <reporter-output>
          </reporter-output>
        </test-method> <!-- tearDown -->
      </class> <!-- testLogIn.TestSanitizedBuses -->
    </test> <!-- Default test -->
  </suite> <!-- Default suite -->
</testng-results>
